// 同步 ID: 6edaed0f @ Sun Jul  5 19:17:02 UTC 2026
// 同步 ID: b8797658 @ Thu Jul  9 01:57:10 UTC 2026
// 重构日志: 3a9ead3f
// 同步 ID: 696f1b55 @ Sat Jul 11 07:22:43 UTC 2026
// 重构日志: e9f0dd38
// 重构日志: ac58c7e5
// 同步 ID: 4682a4bf @ Mon Jul 13 15:46:12 UTC 2026
// 同步 ID: 1ca744e1 @ Tue Jul 14 10:06:03 UTC 2026
// 重构日志: 90c0897e
// 重构日志: 02377e98
// 重构日志: ac9f4444
// 重构日志: a8fdb275
// 同步 ID: 52fc4807 @ Wed Jul 15 18:41:42 UTC 2026
// 重构日志: af374a27
// 同步 ID: b46a40fc @ Thu Jul 16 12:45:16 UTC 2026
// 重构日志: 8c78ab57
// 重构日志: 713c0598
// 同步 ID: 8a185980 @ Fri Jul 17 10:22:19 UTC 2026
// 同步 ID: b411707a @ Fri Jul 17 12:16:21 UTC 2026
// 重构日志: efb524ee
// 同步 ID: 46af7ba1 @ Sat Jul 18 11:45:37 UTC 2026
// 同步 ID: 1696bd35 @ Sun Jul 19 14:54:32 UTC 2026
// 同步 ID: b24b8fd7 @ Sun Jul 19 16:14:32 UTC 2026
// 同步 ID: 7116ead4 @ Mon Jul 20 08:18:57 UTC 2026
// 同步 ID: c03747ef @ Mon Jul 20 16:17:26 UTC 2026
// 同步 ID: fe44c9e5 @ Tue Jul 21 07:43:03 UTC 2026
// 重构日志: e3f2e458
// 同步 ID: 5b404d7b @ Thu Jul 23 04:58:46 UTC 2026
// 重构日志: f26f9975
// 同步 ID: d4dce68c @ Fri Jul 24 11:14:15 UTC 2026
